<?xml version="1.0" encoding="UTF-8"?>
<!-- Generated by org.testng.reporters.JUnitReportReporter -->
<testsuite hostname="LAPTOP-LAI9I1DH" failures="0" tests="1" name="apitest.GetListCommentsTest" time="32.878" errors="0" timestamp="2022-07-17T07:25:02 ICT" skipped="0">
  <testcase classname="apitest.GetListCommentsTest" name="test4" time="32.878"/>
  <system-out/>
</testsuite> <!-- apitest.GetListCommentsTest -->
