<?xml version="1.0" encoding="UTF-8"?>
<!-- Generated by org.testng.reporters.JUnitReportReporter -->
<testsuite hostname="LAPTOP-LAI9I1DH" failures="0" tests="1" name="restautotest.SignUpTest" time="5.654" errors="0" timestamp="2022-07-02T10:34:15 ICT" skipped="0">
  <testcase classname="restautotest.SignUpTest" name="test1" time="5.654"/>
  <system-out/>
</testsuite> <!-- restautotest.SignUpTest -->
