<?xml version="1.0" encoding="UTF-8"?>
<!-- Generated by org.testng.reporters.JUnitReportReporter -->
<testsuite hostname="LAPTOP-LAI9I1DH" failures="0" tests="1" name="apitest.SearchTest" time="8.251" errors="0" timestamp="2022-07-17T09:15:54 ICT" skipped="0">
  <testcase classname="apitest.SearchTest" name="test3" time="8.251"/>
  <system-out/>
</testsuite> <!-- apitest.SearchTest -->
