<?xml version="1.0" encoding="UTF-8"?>
<!-- Generated by org.testng.reporters.JUnitReportReporter -->
<testsuite hostname="LAPTOP-LAI9I1DH" failures="0" tests="1" name="apitest.DeleteNotificationTest" time="3.835" errors="0" timestamp="2022-07-15T18:34:41 ICT" skipped="0">
  <testcase classname="apitest.DeleteNotificationTest" name="test3" time="3.835"/>
  <system-out/>
</testsuite> <!-- apitest.DeleteNotificationTest -->
